[2025-01-26 20:21:12,796 : INFO : common : yaml file: config\config.yaml loaded successfully]
[2025-01-26 20:21:12,799 : INFO : common : yaml file: params.yaml loaded successfully]
[2025-01-26 20:22:23,895 : INFO : common : yaml file: config\config.yaml loaded successfully]
[2025-01-26 20:22:23,898 : INFO : common : yaml file: params.yaml loaded successfully]
[2025-01-26 20:25:36,444 : INFO : common : yaml file: config\config.yaml loaded successfully]
[2025-01-26 20:25:36,448 : INFO : common : yaml file: params.yaml loaded successfully]
[2025-01-26 20:25:36,451 : INFO : common : yaml file: schema.yaml loaded successfully]
[2025-01-26 21:34:42,099 : INFO : common : yaml file: config\config.yaml loaded successfully]
[2025-01-26 21:34:42,103 : INFO : common : yaml file: params.yaml loaded successfully]
[2025-01-26 21:34:42,107 : INFO : common : yaml file: schema.yaml loaded successfully]
[2025-01-26 21:36:05,618 : INFO : common : yaml file: config\config.yaml loaded successfully]
[2025-01-26 21:36:05,622 : INFO : common : yaml file: params.yaml loaded successfully]
[2025-01-26 21:36:05,625 : INFO : common : yaml file: schema.yaml loaded successfully]
[2025-01-26 21:36:05,628 : INFO : common : created directory at: artifacts]
[2025-01-26 21:36:05,629 : INFO : common : created directory at: artifacts/data_ingestion]
[2025-01-26 21:36:06,320 : INFO : 1691868135 : artifacts/data_ingestion/data.zip download! with following info: 
Connection: close
Content-Length: 23329
Cache-Control: max-age=300
Content-Security-Policy: default-src 'none'; style-src 'unsafe-inline'; sandbox
Content-Type: application/zip
ETag: "c69888a4ae59bc5a893392785a938ccd4937981c06ba8a9d6a21aa52b4ab5b6e"
Strict-Transport-Security: max-age=31536000
X-Content-Type-Options: nosniff
X-Frame-Options: deny
X-XSS-Protection: 1; mode=block
X-GitHub-Request-Id: 506F:2B8ED9:12CD929:155120B:6796F116
Accept-Ranges: bytes
Date: Mon, 27 Jan 2025 02:36:07 GMT
Via: 1.1 varnish
X-Served-By: cache-yul1970048-YUL
X-Cache: MISS
X-Cache-Hits: 0
X-Timer: S1737945367.381675,VS0,VE303
Vary: Authorization,Accept-Encoding,Origin
Access-Control-Allow-Origin: *
Cross-Origin-Resource-Policy: cross-origin
X-Fastly-Request-ID: e2d59ca7c3d331f4632d57a854892d89d3f4ad48
Expires: Mon, 27 Jan 2025 02:41:07 GMT
Source-Age: 0

]
[2025-01-26 22:29:11,070 : INFO : main : Welcome to our custom logging Data Science Project]
[2025-01-26 22:29:11,071 : INFO : main : >>>>>> stage Data Ingestion stage started <<<<<<]
[2025-01-26 22:29:11,075 : INFO : common : yaml file: config\config.yaml loaded successfully]
[2025-01-26 22:29:11,078 : INFO : common : yaml file: params.yaml loaded successfully]
[2025-01-26 22:29:11,080 : INFO : common : yaml file: schema.yaml loaded successfully]
[2025-01-26 22:29:11,081 : INFO : common : created directory at: artifacts]
[2025-01-26 22:29:11,085 : INFO : common : created directory at: artifacts/data_ingestion]
[2025-01-26 22:29:11,462 : INFO : data_ingestion : artifacts/data_ingestion/data.zip download! with following info: 
Connection: close
Content-Length: 23329
Cache-Control: max-age=300
Content-Security-Policy: default-src 'none'; style-src 'unsafe-inline'; sandbox
Content-Type: application/zip
ETag: "c69888a4ae59bc5a893392785a938ccd4937981c06ba8a9d6a21aa52b4ab5b6e"
Strict-Transport-Security: max-age=31536000
X-Content-Type-Options: nosniff
X-Frame-Options: deny
X-XSS-Protection: 1; mode=block
X-GitHub-Request-Id: 506F:2B8ED9:12CD929:155120B:6796F116
Accept-Ranges: bytes
Date: Mon, 27 Jan 2025 03:29:12 GMT
Via: 1.1 varnish
X-Served-By: cache-yul1970074-YUL
X-Cache: HIT
X-Cache-Hits: 0
X-Timer: S1737948553.769973,VS0,VE77
Vary: Authorization,Accept-Encoding,Origin
Access-Control-Allow-Origin: *
Cross-Origin-Resource-Policy: cross-origin
X-Fastly-Request-ID: 3bbe6070ae84d83ef2fefc186fba09a2ec031b5e
Expires: Mon, 27 Jan 2025 03:34:12 GMT
Source-Age: 0

]
[2025-01-26 22:29:11,470 : INFO : main : >>>>>> stage Data Ingestion stage completed <<<<<<

x==========x]
[2025-01-26 23:00:45,624 : INFO : common : yaml file: config\config.yaml loaded successfully]
[2025-01-26 23:00:45,634 : INFO : common : yaml file: params.yaml loaded successfully]
[2025-01-26 23:00:45,648 : INFO : common : yaml file: schema.yaml loaded successfully]
[2025-01-26 23:00:45,654 : INFO : common : created directory at: artifacts]
[2025-01-26 23:00:45,656 : INFO : common : created directory at: artifacts/data_validation]
[2025-01-26 23:02:23,311 : INFO : common : yaml file: config\config.yaml loaded successfully]
[2025-01-26 23:02:23,315 : INFO : common : yaml file: params.yaml loaded successfully]
[2025-01-26 23:02:23,322 : INFO : common : yaml file: schema.yaml loaded successfully]
[2025-01-26 23:02:23,325 : INFO : common : created directory at: artifacts]
[2025-01-26 23:02:23,326 : INFO : common : created directory at: artifacts/data_validation]
[2025-01-26 23:06:13,132 : INFO : common : yaml file: config\config.yaml loaded successfully]
[2025-01-26 23:06:13,135 : INFO : common : yaml file: params.yaml loaded successfully]
[2025-01-26 23:06:13,142 : INFO : common : yaml file: schema.yaml loaded successfully]
[2025-01-26 23:06:13,145 : INFO : common : created directory at: artifacts]
[2025-01-26 23:06:13,148 : INFO : common : created directory at: artifacts/data_validation]
[2025-01-26 23:29:54,111 : INFO : main : >>>>>> stage Data Ingestion stage started <<<<<<]
[2025-01-26 23:29:54,116 : INFO : common : yaml file: config\config.yaml loaded successfully]
[2025-01-26 23:29:54,117 : INFO : common : yaml file: params.yaml loaded successfully]
[2025-01-26 23:29:54,123 : INFO : common : yaml file: schema.yaml loaded successfully]
[2025-01-26 23:29:54,124 : INFO : common : created directory at: artifacts]
[2025-01-26 23:29:54,125 : INFO : common : created directory at: artifacts/data_ingestion]
[2025-01-26 23:29:54,126 : INFO : data_ingestion : File already exists]
[2025-01-26 23:29:54,134 : INFO : main : >>>>>> stage Data Ingestion stage completed <<<<<<

x==========x]
[2025-01-26 23:29:54,134 : INFO : main : >>>>>> stage Data Validation stage started <<<<<<]
[2025-01-26 23:29:54,140 : INFO : common : yaml file: config\config.yaml loaded successfully]
[2025-01-26 23:29:54,143 : INFO : common : yaml file: params.yaml loaded successfully]
[2025-01-26 23:29:54,149 : INFO : common : yaml file: schema.yaml loaded successfully]
[2025-01-26 23:29:54,152 : INFO : common : created directory at: artifacts]
[2025-01-26 23:29:54,155 : INFO : common : created directory at: artifacts/data_validation]
[2025-01-26 23:29:54,181 : INFO : main : >>>>>> stage Data Validation stage completed <<<<<<

x==========x]
[2025-01-27 12:14:28,205 : INFO : common : yaml file: config\config.yaml loaded successfully]
[2025-01-27 12:14:28,212 : INFO : common : yaml file: params.yaml loaded successfully]
[2025-01-27 12:14:28,222 : INFO : common : yaml file: schema.yaml loaded successfully]
[2025-01-27 12:14:28,226 : INFO : common : created directory at: artifacts]
[2025-01-27 12:14:28,228 : INFO : common : created directory at: artifacts/data_transformation]
[2025-01-27 12:18:26,169 : INFO : common : yaml file: config\config.yaml loaded successfully]
[2025-01-27 12:18:26,174 : INFO : common : yaml file: params.yaml loaded successfully]
[2025-01-27 12:18:26,180 : INFO : common : yaml file: schema.yaml loaded successfully]
[2025-01-27 12:18:26,183 : INFO : common : created directory at: artifacts]
[2025-01-27 12:18:26,186 : INFO : common : created directory at: artifacts/data_transformation]
[2025-01-27 12:18:26,278 : INFO : 741865018 : Splited data into training and test sets]
[2025-01-27 12:18:26,281 : INFO : 741865018 : (1199, 12)]
[2025-01-27 12:18:26,283 : INFO : 741865018 : (400, 12)]
[2025-01-27 12:42:53,580 : INFO : main : >>>>>> stage Data Ingestion stage started <<<<<<]
[2025-01-27 12:42:53,588 : INFO : common : yaml file: config\config.yaml loaded successfully]
[2025-01-27 12:42:53,592 : INFO : common : yaml file: params.yaml loaded successfully]
[2025-01-27 12:42:53,601 : INFO : common : yaml file: schema.yaml loaded successfully]
[2025-01-27 12:42:53,604 : INFO : common : created directory at: artifacts]
[2025-01-27 12:42:53,607 : INFO : common : created directory at: artifacts/data_ingestion]
[2025-01-27 12:42:53,612 : INFO : data_ingestion : File already exists]
[2025-01-27 12:42:53,620 : INFO : main : >>>>>> stage Data Ingestion stage completed <<<<<<

x==========x]
[2025-01-27 12:42:53,621 : INFO : main : >>>>>> stage Data Validation stage started <<<<<<]
[2025-01-27 12:42:53,627 : INFO : common : yaml file: config\config.yaml loaded successfully]
[2025-01-27 12:42:53,628 : INFO : common : yaml file: params.yaml loaded successfully]
[2025-01-27 12:42:53,635 : INFO : common : yaml file: schema.yaml loaded successfully]
[2025-01-27 12:42:53,635 : INFO : common : created directory at: artifacts]
[2025-01-27 12:42:53,636 : INFO : common : created directory at: artifacts/data_validation]
[2025-01-27 12:42:53,668 : INFO : main : >>>>>> stage Data Validation stage completed <<<<<<

x==========x]
[2025-01-27 12:42:53,669 : INFO : main : >>>>>> stage Data Transformation stage started <<<<<<]
[2025-01-27 12:42:53,670 : INFO : main : >>>>>> stage Data Transformation stage completed <<<<<<

x==========x]
[2025-01-27 12:45:32,434 : INFO : main : >>>>>> stage Data Ingestion stage started <<<<<<]
[2025-01-27 12:45:32,443 : INFO : common : yaml file: config\config.yaml loaded successfully]
[2025-01-27 12:45:32,451 : INFO : common : yaml file: params.yaml loaded successfully]
[2025-01-27 12:45:32,459 : INFO : common : yaml file: schema.yaml loaded successfully]
[2025-01-27 12:45:32,465 : INFO : common : created directory at: artifacts]
[2025-01-27 12:45:32,470 : INFO : common : created directory at: artifacts/data_ingestion]
[2025-01-27 12:45:32,473 : INFO : data_ingestion : File already exists]
[2025-01-27 12:45:32,484 : INFO : main : >>>>>> stage Data Ingestion stage completed <<<<<<

x==========x]
[2025-01-27 12:45:32,484 : INFO : main : >>>>>> stage Data Validation stage started <<<<<<]
[2025-01-27 12:45:32,490 : INFO : common : yaml file: config\config.yaml loaded successfully]
[2025-01-27 12:45:32,493 : INFO : common : yaml file: params.yaml loaded successfully]
[2025-01-27 12:45:32,499 : INFO : common : yaml file: schema.yaml loaded successfully]
[2025-01-27 12:45:32,501 : INFO : common : created directory at: artifacts]
[2025-01-27 12:45:32,502 : INFO : common : created directory at: artifacts/data_validation]
[2025-01-27 12:45:32,532 : INFO : main : >>>>>> stage Data Validation stage completed <<<<<<

x==========x]
[2025-01-27 12:45:32,533 : INFO : main : >>>>>> stage Data Transformation stage started <<<<<<]
[2025-01-27 12:45:32,539 : INFO : common : yaml file: config\config.yaml loaded successfully]
[2025-01-27 12:45:32,541 : INFO : common : yaml file: params.yaml loaded successfully]
[2025-01-27 12:45:32,547 : INFO : common : yaml file: schema.yaml loaded successfully]
[2025-01-27 12:45:32,549 : INFO : common : created directory at: artifacts]
[2025-01-27 12:45:32,550 : INFO : common : created directory at: artifacts/data_transformation]
[2025-01-27 12:45:32,607 : INFO : data_transformation : Splited data into training and test sets]
[2025-01-27 12:45:32,607 : INFO : data_transformation : (1199, 12)]
[2025-01-27 12:45:32,609 : INFO : data_transformation : (400, 12)]
[2025-01-27 12:45:32,610 : INFO : main : >>>>>> stage Data Transformation stage completed <<<<<<

x==========x]
[2025-01-27 13:45:57,245 : INFO : common : yaml file: config\config.yaml loaded successfully]
[2025-01-27 13:45:57,252 : INFO : common : yaml file: params.yaml loaded successfully]
[2025-01-27 13:45:57,262 : INFO : common : yaml file: schema.yaml loaded successfully]
[2025-01-27 13:45:57,266 : INFO : common : created directory at: artifacts]
[2025-01-27 13:49:45,004 : INFO : common : yaml file: config\config.yaml loaded successfully]
[2025-01-27 13:49:45,008 : INFO : common : yaml file: params.yaml loaded successfully]
[2025-01-27 13:49:45,016 : INFO : common : yaml file: schema.yaml loaded successfully]
[2025-01-27 13:49:45,018 : INFO : common : created directory at: artifacts]
[2025-01-27 13:53:32,924 : INFO : common : yaml file: config\config.yaml loaded successfully]
[2025-01-27 13:53:32,928 : INFO : common : yaml file: params.yaml loaded successfully]
[2025-01-27 13:53:32,936 : INFO : common : yaml file: schema.yaml loaded successfully]
[2025-01-27 13:53:32,940 : INFO : common : created directory at: artifacts]
[2025-01-27 13:59:10,456 : INFO : common : yaml file: config\config.yaml loaded successfully]
[2025-01-27 13:59:10,460 : INFO : common : yaml file: params.yaml loaded successfully]
[2025-01-27 13:59:10,468 : INFO : common : yaml file: schema.yaml loaded successfully]
[2025-01-27 13:59:10,473 : INFO : common : created directory at: artifacts]
[2025-01-27 13:59:10,476 : INFO : common : created directory at: artifacts/model_trainer]
[2025-01-27 14:20:12,081 : INFO : main : >>>>>> stage Data Ingestion stage started <<<<<<]
[2025-01-27 14:20:12,086 : INFO : common : yaml file: config\config.yaml loaded successfully]
[2025-01-27 14:20:12,088 : INFO : common : yaml file: params.yaml loaded successfully]
[2025-01-27 14:20:12,093 : INFO : common : yaml file: schema.yaml loaded successfully]
[2025-01-27 14:20:12,094 : INFO : common : created directory at: artifacts]
[2025-01-27 14:20:12,095 : INFO : common : created directory at: artifacts/data_ingestion]
[2025-01-27 14:20:12,096 : INFO : data_ingestion : File already exists]
[2025-01-27 14:20:12,110 : INFO : main : >>>>>> stage Data Ingestion stage completed <<<<<<

x==========x]
[2025-01-27 14:20:12,111 : INFO : main : >>>>>> stage Data Validation stage started <<<<<<]
[2025-01-27 14:20:12,120 : INFO : common : yaml file: config\config.yaml loaded successfully]
[2025-01-27 14:20:12,123 : INFO : common : yaml file: params.yaml loaded successfully]
[2025-01-27 14:20:12,130 : INFO : common : yaml file: schema.yaml loaded successfully]
[2025-01-27 14:20:12,134 : INFO : common : created directory at: artifacts]
[2025-01-27 14:20:12,137 : INFO : common : created directory at: artifacts/data_validation]
[2025-01-27 14:20:12,160 : INFO : main : >>>>>> stage Data Validation stage completed <<<<<<

x==========x]
[2025-01-27 14:20:12,160 : INFO : main : >>>>>> stage Data Transformation stage started <<<<<<]
[2025-01-27 14:20:12,168 : INFO : common : yaml file: config\config.yaml loaded successfully]
[2025-01-27 14:20:12,170 : INFO : common : yaml file: params.yaml loaded successfully]
[2025-01-27 14:20:12,176 : INFO : common : yaml file: schema.yaml loaded successfully]
[2025-01-27 14:20:12,178 : INFO : common : created directory at: artifacts]
[2025-01-27 14:20:12,179 : INFO : common : created directory at: artifacts/data_transformation]
[2025-01-27 14:20:12,229 : INFO : data_transformation : Splited data into training and test sets]
[2025-01-27 14:20:12,230 : INFO : data_transformation : (1199, 12)]
[2025-01-27 14:20:12,235 : INFO : data_transformation : (400, 12)]
[2025-01-27 14:20:12,242 : INFO : main : >>>>>> stage Data Transformation stage completed <<<<<<

x==========x]
[2025-01-27 14:20:12,243 : INFO : main : >>>>>> stage Model Trainer stage started <<<<<<]
[2025-01-27 14:20:12,251 : INFO : common : yaml file: config\config.yaml loaded successfully]
[2025-01-27 14:20:12,256 : INFO : common : yaml file: params.yaml loaded successfully]
[2025-01-27 14:20:12,265 : INFO : common : yaml file: schema.yaml loaded successfully]
[2025-01-27 14:20:12,268 : INFO : common : created directory at: artifacts]
[2025-01-27 14:20:12,271 : INFO : common : created directory at: artifacts/model_trainer]
[2025-01-27 14:20:12,299 : INFO : main : >>>>>> stage Model Trainer stage completed <<<<<<

x==========x]
[2025-01-27 15:23:30,537 : INFO : common : yaml file: config\config.yaml loaded successfully]
[2025-01-27 15:23:30,545 : INFO : common : yaml file: params.yaml loaded successfully]
[2025-01-27 15:23:30,554 : INFO : common : yaml file: schema.yaml loaded successfully]
[2025-01-27 15:23:30,558 : INFO : common : created directory at: artifacts]
[2025-01-27 15:23:30,561 : INFO : common : created directory at: artifacts/model_evaluation]
[2025-01-27 15:25:44,470 : INFO : common : yaml file: config\config.yaml loaded successfully]
[2025-01-27 15:25:44,475 : INFO : common : yaml file: params.yaml loaded successfully]
[2025-01-27 15:25:44,482 : INFO : common : yaml file: schema.yaml loaded successfully]
[2025-01-27 15:25:44,486 : INFO : common : created directory at: artifacts]
[2025-01-27 15:25:44,489 : INFO : common : created directory at: artifacts/model_evaluation]
[2025-01-27 15:28:32,817 : INFO : common : yaml file: config\config.yaml loaded successfully]
[2025-01-27 15:28:32,822 : INFO : common : yaml file: params.yaml loaded successfully]
[2025-01-27 15:28:32,829 : INFO : common : yaml file: schema.yaml loaded successfully]
[2025-01-27 15:28:32,831 : INFO : common : created directory at: artifacts]
[2025-01-27 15:28:32,835 : INFO : common : created directory at: artifacts/model_evaluation]
[2025-01-27 15:32:50,027 : INFO : common : yaml file: config\config.yaml loaded successfully]
[2025-01-27 15:32:50,030 : INFO : common : yaml file: params.yaml loaded successfully]
[2025-01-27 15:32:50,038 : INFO : common : yaml file: schema.yaml loaded successfully]
[2025-01-27 15:32:50,042 : INFO : common : created directory at: artifacts]
[2025-01-27 15:32:50,045 : INFO : common : created directory at: artifacts/model_evaluation]
[2025-01-27 15:39:03,769 : INFO : common : yaml file: config\config.yaml loaded successfully]
[2025-01-27 15:39:03,773 : INFO : common : yaml file: params.yaml loaded successfully]
[2025-01-27 15:39:03,781 : INFO : common : yaml file: schema.yaml loaded successfully]
[2025-01-27 15:39:03,784 : INFO : common : created directory at: artifacts]
[2025-01-27 15:39:03,787 : INFO : common : created directory at: artifacts/model_evaluation]
[2025-01-27 15:39:06,102 : INFO : common : json file saved at: artifacts\model_evaluation\metrics.json]
[2025-01-27 15:43:58,753 : INFO : common : yaml file: config\config.yaml loaded successfully]
[2025-01-27 15:43:58,757 : INFO : common : yaml file: params.yaml loaded successfully]
[2025-01-27 15:43:58,765 : INFO : common : yaml file: schema.yaml loaded successfully]
[2025-01-27 15:43:58,770 : INFO : common : created directory at: artifacts]
[2025-01-27 15:43:58,773 : INFO : common : created directory at: artifacts/model_evaluation]
[2025-01-27 15:43:58,970 : INFO : common : json file saved at: artifacts\model_evaluation\metrics.json]
[2025-01-27 15:45:46,986 : INFO : common : yaml file: config\config.yaml loaded successfully]
[2025-01-27 15:45:46,990 : INFO : common : yaml file: params.yaml loaded successfully]
[2025-01-27 15:45:46,999 : INFO : common : yaml file: schema.yaml loaded successfully]
[2025-01-27 15:45:47,003 : INFO : common : created directory at: artifacts]
[2025-01-27 15:45:47,006 : INFO : common : created directory at: artifacts/model_evaluation]
[2025-01-27 15:45:47,298 : INFO : common : json file saved at: artifacts\model_evaluation\metrics.json]
[2025-01-27 15:59:42,984 : INFO : common : yaml file: config\config.yaml loaded successfully]
[2025-01-27 15:59:42,988 : INFO : common : yaml file: params.yaml loaded successfully]
[2025-01-27 15:59:42,997 : INFO : common : yaml file: schema.yaml loaded successfully]
[2025-01-27 15:59:43,000 : INFO : common : created directory at: artifacts]
[2025-01-27 15:59:43,002 : INFO : common : created directory at: artifacts/model_evaluation]
[2025-01-27 15:59:43,127 : WARNING : connectionpool : Retrying (Retry(total=6, connect=7, read=6, redirect=7, status=7)) after connection broken by 'RemoteDisconnected('Remote end closed connection without response')': /bhavith1993/Datascienceproject.mlflow/api/2.0/mlflow/runs/create]
[2025-01-27 15:59:43,272 : INFO : common : json file saved at: artifacts\model_evaluation\metrics.json]
[2025-01-27 17:24:41,130 : INFO : main : >>>>>> stage Data Ingestion stage started <<<<<<]
[2025-01-27 17:24:41,136 : INFO : common : yaml file: config\config.yaml loaded successfully]
[2025-01-27 17:24:41,141 : INFO : common : yaml file: params.yaml loaded successfully]
[2025-01-27 17:24:41,148 : INFO : common : yaml file: schema.yaml loaded successfully]
[2025-01-27 17:24:41,150 : INFO : common : created directory at: artifacts]
[2025-01-27 17:24:41,151 : INFO : common : created directory at: artifacts/data_ingestion]
[2025-01-27 17:24:41,152 : INFO : data_ingestion : File already exists]
[2025-01-27 17:24:41,162 : INFO : main : >>>>>> stage Data Ingestion stage completed <<<<<<

x==========x]
[2025-01-27 17:24:41,163 : INFO : main : >>>>>> stage Data Validation stage started <<<<<<]
[2025-01-27 17:24:41,172 : INFO : common : yaml file: config\config.yaml loaded successfully]
[2025-01-27 17:24:41,175 : INFO : common : yaml file: params.yaml loaded successfully]
[2025-01-27 17:24:41,180 : INFO : common : yaml file: schema.yaml loaded successfully]
[2025-01-27 17:24:41,181 : INFO : common : created directory at: artifacts]
[2025-01-27 17:24:41,182 : INFO : common : created directory at: artifacts/data_validation]
[2025-01-27 17:24:41,206 : INFO : main : >>>>>> stage Data Validation stage completed <<<<<<

x==========x]
[2025-01-27 17:24:41,207 : INFO : main : >>>>>> stage Data Transformation stage started <<<<<<]
[2025-01-27 17:24:41,217 : INFO : common : yaml file: config\config.yaml loaded successfully]
[2025-01-27 17:24:41,220 : INFO : common : yaml file: params.yaml loaded successfully]
[2025-01-27 17:24:41,225 : INFO : common : yaml file: schema.yaml loaded successfully]
[2025-01-27 17:24:41,227 : INFO : common : created directory at: artifacts]
[2025-01-27 17:24:41,227 : INFO : common : created directory at: artifacts/data_transformation]
[2025-01-27 17:24:41,272 : INFO : data_transformation : Splited data into training and test sets]
[2025-01-27 17:24:41,273 : INFO : data_transformation : (1199, 12)]
[2025-01-27 17:24:41,273 : INFO : data_transformation : (400, 12)]
[2025-01-27 17:24:41,274 : INFO : main : >>>>>> stage Data Transformation stage completed <<<<<<

x==========x]
[2025-01-27 17:24:41,274 : INFO : main : >>>>>> stage Model Trainer stage started <<<<<<]
[2025-01-27 17:24:41,281 : INFO : common : yaml file: config\config.yaml loaded successfully]
[2025-01-27 17:24:41,283 : INFO : common : yaml file: params.yaml loaded successfully]
[2025-01-27 17:24:41,289 : INFO : common : yaml file: schema.yaml loaded successfully]
[2025-01-27 17:24:41,291 : INFO : common : created directory at: artifacts]
[2025-01-27 17:24:41,292 : INFO : common : created directory at: artifacts/model_trainer]
[2025-01-27 17:24:41,317 : INFO : main : >>>>>> stage Model Trainer stage completed <<<<<<

x==========x]
[2025-01-27 17:24:41,318 : INFO : main : >>>>>> stage Model Evaluation stage started <<<<<<]
[2025-01-27 17:24:41,327 : INFO : common : yaml file: config\config.yaml loaded successfully]
[2025-01-27 17:24:41,330 : INFO : common : yaml file: params.yaml loaded successfully]
[2025-01-27 17:24:41,336 : INFO : common : yaml file: schema.yaml loaded successfully]
[2025-01-27 17:24:41,338 : INFO : common : created directory at: artifacts]
[2025-01-27 17:24:41,342 : INFO : common : created directory at: artifacts/model_evaluation]
[2025-01-27 17:24:41,343 : INFO : main : >>>>>> stage Model Evaluation stage completed <<<<<<

x==========x]
[2025-01-27 17:27:41,194 : INFO : main : >>>>>> stage Data Ingestion stage started <<<<<<]
[2025-01-27 17:27:41,204 : INFO : common : yaml file: config\config.yaml loaded successfully]
[2025-01-27 17:27:41,210 : INFO : common : yaml file: params.yaml loaded successfully]
[2025-01-27 17:27:41,216 : INFO : common : yaml file: schema.yaml loaded successfully]
[2025-01-27 17:27:41,216 : INFO : common : created directory at: artifacts]
[2025-01-27 17:27:41,218 : INFO : common : created directory at: artifacts/data_ingestion]
[2025-01-27 17:27:41,219 : INFO : data_ingestion : File already exists]
[2025-01-27 17:27:41,224 : INFO : main : >>>>>> stage Data Ingestion stage completed <<<<<<

x==========x]
[2025-01-27 17:27:41,225 : INFO : main : >>>>>> stage Data Validation stage started <<<<<<]
[2025-01-27 17:27:41,233 : INFO : common : yaml file: config\config.yaml loaded successfully]
[2025-01-27 17:27:41,236 : INFO : common : yaml file: params.yaml loaded successfully]
[2025-01-27 17:27:41,240 : INFO : common : yaml file: schema.yaml loaded successfully]
[2025-01-27 17:27:41,241 : INFO : common : created directory at: artifacts]
[2025-01-27 17:27:41,242 : INFO : common : created directory at: artifacts/data_validation]
[2025-01-27 17:27:41,269 : INFO : main : >>>>>> stage Data Validation stage completed <<<<<<

x==========x]
[2025-01-27 17:27:41,271 : INFO : main : >>>>>> stage Data Transformation stage started <<<<<<]
[2025-01-27 17:27:41,282 : INFO : common : yaml file: config\config.yaml loaded successfully]
[2025-01-27 17:27:41,286 : INFO : common : yaml file: params.yaml loaded successfully]
[2025-01-27 17:27:41,292 : INFO : common : yaml file: schema.yaml loaded successfully]
[2025-01-27 17:27:41,294 : INFO : common : created directory at: artifacts]
[2025-01-27 17:27:41,295 : INFO : common : created directory at: artifacts/data_transformation]
[2025-01-27 17:27:41,351 : INFO : data_transformation : Splited data into training and test sets]
[2025-01-27 17:27:41,351 : INFO : data_transformation : (1199, 12)]
[2025-01-27 17:27:41,351 : INFO : data_transformation : (400, 12)]
[2025-01-27 17:27:41,354 : INFO : main : >>>>>> stage Data Transformation stage completed <<<<<<

x==========x]
[2025-01-27 17:27:41,354 : INFO : main : >>>>>> stage Model Trainer stage started <<<<<<]
[2025-01-27 17:27:41,360 : INFO : common : yaml file: config\config.yaml loaded successfully]
[2025-01-27 17:27:41,363 : INFO : common : yaml file: params.yaml loaded successfully]
[2025-01-27 17:27:41,366 : INFO : common : yaml file: schema.yaml loaded successfully]
[2025-01-27 17:27:41,367 : INFO : common : created directory at: artifacts]
[2025-01-27 17:27:41,369 : INFO : common : created directory at: artifacts/model_trainer]
[2025-01-27 17:27:41,401 : INFO : main : >>>>>> stage Model Trainer stage completed <<<<<<

x==========x]
[2025-01-27 17:27:41,401 : INFO : main : >>>>>> stage Model Evaluation stage started <<<<<<]
[2025-01-27 17:27:41,409 : INFO : common : yaml file: config\config.yaml loaded successfully]
[2025-01-27 17:27:41,412 : INFO : common : yaml file: params.yaml loaded successfully]
[2025-01-27 17:27:41,418 : INFO : common : yaml file: schema.yaml loaded successfully]
[2025-01-27 17:27:41,420 : INFO : common : created directory at: artifacts]
[2025-01-27 17:27:41,422 : INFO : common : created directory at: artifacts/model_evaluation]
[2025-01-27 17:27:41,424 : INFO : main : >>>>>> stage Model Evaluation stage completed <<<<<<

x==========x]
[2025-01-27 17:35:07,244 : INFO : main : >>>>>> stage Data Ingestion stage started <<<<<<]
[2025-01-27 17:35:07,251 : INFO : common : yaml file: config\config.yaml loaded successfully]
[2025-01-27 17:35:07,256 : INFO : common : yaml file: params.yaml loaded successfully]
[2025-01-27 17:35:07,262 : INFO : common : yaml file: schema.yaml loaded successfully]
[2025-01-27 17:35:07,264 : INFO : common : created directory at: artifacts]
[2025-01-27 17:35:07,265 : INFO : common : created directory at: artifacts/data_ingestion]
[2025-01-27 17:35:07,265 : INFO : data_ingestion : File already exists]
[2025-01-27 17:35:07,274 : INFO : main : >>>>>> stage Data Ingestion stage completed <<<<<<

x==========x]
[2025-01-27 17:35:07,275 : INFO : main : >>>>>> stage Data Validation stage started <<<<<<]
[2025-01-27 17:35:07,286 : INFO : common : yaml file: config\config.yaml loaded successfully]
[2025-01-27 17:35:07,288 : INFO : common : yaml file: params.yaml loaded successfully]
[2025-01-27 17:35:07,296 : INFO : common : yaml file: schema.yaml loaded successfully]
[2025-01-27 17:35:07,297 : INFO : common : created directory at: artifacts]
[2025-01-27 17:35:07,300 : INFO : common : created directory at: artifacts/data_validation]
[2025-01-27 17:35:07,328 : INFO : main : >>>>>> stage Data Validation stage completed <<<<<<

x==========x]
[2025-01-27 17:35:07,328 : INFO : main : >>>>>> stage Data Transformation stage started <<<<<<]
[2025-01-27 17:35:07,338 : INFO : common : yaml file: config\config.yaml loaded successfully]
[2025-01-27 17:35:07,341 : INFO : common : yaml file: params.yaml loaded successfully]
[2025-01-27 17:35:07,348 : INFO : common : yaml file: schema.yaml loaded successfully]
[2025-01-27 17:35:07,350 : INFO : common : created directory at: artifacts]
[2025-01-27 17:35:07,351 : INFO : common : created directory at: artifacts/data_transformation]
[2025-01-27 17:35:07,402 : INFO : data_transformation : Splited data into training and test sets]
[2025-01-27 17:35:07,403 : INFO : data_transformation : (1199, 12)]
[2025-01-27 17:35:07,404 : INFO : data_transformation : (400, 12)]
[2025-01-27 17:35:07,405 : INFO : main : >>>>>> stage Data Transformation stage completed <<<<<<

x==========x]
[2025-01-27 17:35:07,405 : INFO : main : >>>>>> stage Model Trainer stage started <<<<<<]
[2025-01-27 17:35:07,412 : INFO : common : yaml file: config\config.yaml loaded successfully]
[2025-01-27 17:35:07,414 : INFO : common : yaml file: params.yaml loaded successfully]
[2025-01-27 17:35:07,418 : INFO : common : yaml file: schema.yaml loaded successfully]
[2025-01-27 17:35:07,420 : INFO : common : created directory at: artifacts]
[2025-01-27 17:35:07,425 : INFO : common : created directory at: artifacts/model_trainer]
[2025-01-27 17:35:07,453 : INFO : main : >>>>>> stage Model Trainer stage completed <<<<<<

x==========x]
[2025-01-27 17:35:07,453 : INFO : main : >>>>>> stage Model Evaluation stage started <<<<<<]
[2025-01-27 17:35:07,460 : INFO : common : yaml file: config\config.yaml loaded successfully]
[2025-01-27 17:35:07,462 : INFO : common : yaml file: params.yaml loaded successfully]
[2025-01-27 17:35:07,468 : INFO : common : yaml file: schema.yaml loaded successfully]
[2025-01-27 17:35:07,469 : INFO : common : created directory at: artifacts]
[2025-01-27 17:35:07,471 : INFO : common : created directory at: artifacts/model_evaluation]
[2025-01-27 17:35:07,473 : INFO : main : >>>>>> stage Model Evaluation stage completed <<<<<<

x==========x]
[2025-01-27 20:32:02,017 : INFO : main : >>>>>> stage Data Ingestion stage started <<<<<<]
[2025-01-27 20:32:02,024 : INFO : common : yaml file: config\config.yaml loaded successfully]
[2025-01-27 20:32:02,030 : INFO : common : yaml file: params.yaml loaded successfully]
[2025-01-27 20:32:02,035 : INFO : common : yaml file: schema.yaml loaded successfully]
[2025-01-27 20:32:02,038 : INFO : common : created directory at: artifacts]
[2025-01-27 20:32:02,039 : INFO : common : created directory at: artifacts/data_ingestion]
[2025-01-27 20:32:02,039 : INFO : data_ingestion : File already exists]
[2025-01-27 20:32:02,047 : INFO : main : >>>>>> stage Data Ingestion stage completed <<<<<<

x==========x]
[2025-01-27 20:32:02,047 : INFO : main : >>>>>> stage Data Validation stage started <<<<<<]
[2025-01-27 20:32:02,056 : INFO : common : yaml file: config\config.yaml loaded successfully]
[2025-01-27 20:32:02,058 : INFO : common : yaml file: params.yaml loaded successfully]
[2025-01-27 20:32:02,063 : INFO : common : yaml file: schema.yaml loaded successfully]
[2025-01-27 20:32:02,064 : INFO : common : created directory at: artifacts]
[2025-01-27 20:32:02,065 : INFO : common : created directory at: artifacts/data_validation]
[2025-01-27 20:32:02,092 : INFO : main : >>>>>> stage Data Validation stage completed <<<<<<

x==========x]
[2025-01-27 20:32:02,092 : INFO : main : >>>>>> stage Data Transformation stage started <<<<<<]
[2025-01-27 20:32:02,097 : INFO : common : yaml file: config\config.yaml loaded successfully]
[2025-01-27 20:32:02,099 : INFO : common : yaml file: params.yaml loaded successfully]
[2025-01-27 20:32:02,103 : INFO : common : yaml file: schema.yaml loaded successfully]
[2025-01-27 20:32:02,104 : INFO : common : created directory at: artifacts]
[2025-01-27 20:32:02,105 : INFO : common : created directory at: artifacts/data_transformation]
[2025-01-27 20:32:02,151 : INFO : data_transformation : Splited data into training and test sets]
[2025-01-27 20:32:02,151 : INFO : data_transformation : (1199, 12)]
[2025-01-27 20:32:02,152 : INFO : data_transformation : (400, 12)]
[2025-01-27 20:32:02,153 : INFO : main : >>>>>> stage Data Transformation stage completed <<<<<<

x==========x]
[2025-01-27 20:32:02,154 : INFO : main : >>>>>> stage Model Trainer stage started <<<<<<]
[2025-01-27 20:32:02,159 : INFO : common : yaml file: config\config.yaml loaded successfully]
[2025-01-27 20:32:02,163 : INFO : common : yaml file: params.yaml loaded successfully]
[2025-01-27 20:32:02,168 : INFO : common : yaml file: schema.yaml loaded successfully]
[2025-01-27 20:32:02,169 : INFO : common : created directory at: artifacts]
[2025-01-27 20:32:02,170 : INFO : common : created directory at: artifacts/model_trainer]
[2025-01-27 20:32:02,196 : INFO : main : >>>>>> stage Model Trainer stage completed <<<<<<

x==========x]
[2025-01-27 20:32:02,196 : INFO : main : >>>>>> stage Model Evaluation stage started <<<<<<]
[2025-01-27 20:32:02,201 : INFO : common : yaml file: config\config.yaml loaded successfully]
[2025-01-27 20:32:02,204 : INFO : common : yaml file: params.yaml loaded successfully]
[2025-01-27 20:32:02,206 : INFO : common : yaml file: schema.yaml loaded successfully]
[2025-01-27 20:32:02,207 : INFO : common : created directory at: artifacts]
[2025-01-27 20:32:02,208 : INFO : common : created directory at: artifacts/model_evaluation]
[2025-01-27 20:32:02,209 : INFO : main : >>>>>> stage Model Evaluation stage completed <<<<<<

x==========x]
[2025-01-27 20:33:58,665 : INFO : main : >>>>>> stage Data Ingestion stage started <<<<<<]
[2025-01-27 20:33:58,671 : INFO : common : yaml file: config\config.yaml loaded successfully]
[2025-01-27 20:33:58,672 : INFO : common : yaml file: params.yaml loaded successfully]
[2025-01-27 20:33:58,675 : INFO : common : yaml file: schema.yaml loaded successfully]
[2025-01-27 20:33:58,676 : INFO : common : created directory at: artifacts]
[2025-01-27 20:33:58,677 : INFO : common : created directory at: artifacts/data_ingestion]
[2025-01-27 20:33:58,677 : INFO : data_ingestion : File already exists]
[2025-01-27 20:33:58,681 : INFO : main : >>>>>> stage Data Ingestion stage completed <<<<<<

x==========x]
[2025-01-27 20:33:58,683 : INFO : main : >>>>>> stage Data Validation stage started <<<<<<]
[2025-01-27 20:33:58,691 : INFO : common : yaml file: config\config.yaml loaded successfully]
[2025-01-27 20:33:58,692 : INFO : common : yaml file: params.yaml loaded successfully]
[2025-01-27 20:33:58,698 : INFO : common : yaml file: schema.yaml loaded successfully]
[2025-01-27 20:33:58,699 : INFO : common : created directory at: artifacts]
[2025-01-27 20:33:58,700 : INFO : common : created directory at: artifacts/data_validation]
[2025-01-27 20:33:58,718 : INFO : main : >>>>>> stage Data Validation stage completed <<<<<<

x==========x]
[2025-01-27 20:33:58,718 : INFO : main : >>>>>> stage Data Transformation stage started <<<<<<]
[2025-01-27 20:33:58,727 : INFO : common : yaml file: config\config.yaml loaded successfully]
[2025-01-27 20:33:58,728 : INFO : common : yaml file: params.yaml loaded successfully]
[2025-01-27 20:33:58,734 : INFO : common : yaml file: schema.yaml loaded successfully]
[2025-01-27 20:33:58,735 : INFO : common : created directory at: artifacts]
[2025-01-27 20:33:58,736 : INFO : common : created directory at: artifacts/data_transformation]
[2025-01-27 20:33:58,777 : INFO : data_transformation : Splited data into training and test sets]
[2025-01-27 20:33:58,779 : INFO : data_transformation : (1199, 12)]
[2025-01-27 20:33:58,780 : INFO : data_transformation : (400, 12)]
[2025-01-27 20:33:58,782 : INFO : main : >>>>>> stage Data Transformation stage completed <<<<<<

x==========x]
[2025-01-27 20:33:58,783 : INFO : main : >>>>>> stage Model Trainer stage started <<<<<<]
[2025-01-27 20:33:58,790 : INFO : common : yaml file: config\config.yaml loaded successfully]
[2025-01-27 20:33:58,792 : INFO : common : yaml file: params.yaml loaded successfully]
[2025-01-27 20:33:58,795 : INFO : common : yaml file: schema.yaml loaded successfully]
[2025-01-27 20:33:58,796 : INFO : common : created directory at: artifacts]
[2025-01-27 20:33:58,796 : INFO : common : created directory at: artifacts/model_trainer]
[2025-01-27 20:33:58,812 : INFO : main : >>>>>> stage Model Trainer stage completed <<<<<<

x==========x]
[2025-01-27 20:33:58,813 : INFO : main : >>>>>> stage Model Evaluation stage started <<<<<<]
[2025-01-27 20:33:58,817 : INFO : common : yaml file: config\config.yaml loaded successfully]
[2025-01-27 20:33:58,821 : INFO : common : yaml file: params.yaml loaded successfully]
[2025-01-27 20:33:58,825 : INFO : common : yaml file: schema.yaml loaded successfully]
[2025-01-27 20:33:58,826 : INFO : common : created directory at: artifacts]
[2025-01-27 20:33:58,827 : INFO : common : created directory at: artifacts/model_evaluation]
[2025-01-27 20:33:58,828 : INFO : main : >>>>>> stage Model Evaluation stage completed <<<<<<

x==========x]
[2025-01-28 12:30:16,111 : INFO : main : >>>>>> stage Data Ingestion stage started <<<<<<]
[2025-01-28 12:30:16,123 : INFO : common : yaml file: config\config.yaml loaded successfully]
[2025-01-28 12:30:16,126 : INFO : common : yaml file: params.yaml loaded successfully]
[2025-01-28 12:30:16,132 : INFO : common : yaml file: schema.yaml loaded successfully]
[2025-01-28 12:30:16,133 : INFO : common : created directory at: artifacts]
[2025-01-28 12:30:16,136 : INFO : common : created directory at: artifacts/data_ingestion]
[2025-01-28 12:30:16,136 : INFO : data_ingestion : File already exists]
[2025-01-28 12:30:16,146 : INFO : main : >>>>>> stage Data Ingestion stage completed <<<<<<

x==========x]
[2025-01-28 12:30:16,146 : INFO : main : >>>>>> stage Data Validation stage started <<<<<<]
[2025-01-28 12:30:16,157 : INFO : common : yaml file: config\config.yaml loaded successfully]
[2025-01-28 12:30:16,159 : INFO : common : yaml file: params.yaml loaded successfully]
[2025-01-28 12:30:16,166 : INFO : common : yaml file: schema.yaml loaded successfully]
[2025-01-28 12:30:16,167 : INFO : common : created directory at: artifacts]
[2025-01-28 12:30:16,168 : INFO : common : created directory at: artifacts/data_validation]
[2025-01-28 12:30:16,200 : INFO : main : >>>>>> stage Data Validation stage completed <<<<<<

x==========x]
[2025-01-28 12:30:16,201 : INFO : main : >>>>>> stage Data Transformation stage started <<<<<<]
[2025-01-28 12:30:16,209 : INFO : common : yaml file: config\config.yaml loaded successfully]
[2025-01-28 12:30:16,212 : INFO : common : yaml file: params.yaml loaded successfully]
[2025-01-28 12:30:16,220 : INFO : common : yaml file: schema.yaml loaded successfully]
[2025-01-28 12:30:16,222 : INFO : common : created directory at: artifacts]
[2025-01-28 12:30:16,224 : INFO : common : created directory at: artifacts/data_transformation]
[2025-01-28 12:30:16,276 : INFO : data_transformation : Splited data into training and test sets]
[2025-01-28 12:30:16,276 : INFO : data_transformation : (1199, 12)]
[2025-01-28 12:30:16,277 : INFO : data_transformation : (400, 12)]
[2025-01-28 12:30:16,278 : INFO : main : >>>>>> stage Data Transformation stage completed <<<<<<

x==========x]
[2025-01-28 12:30:16,278 : INFO : main : >>>>>> stage Model Trainer stage started <<<<<<]
[2025-01-28 12:30:16,284 : INFO : common : yaml file: config\config.yaml loaded successfully]
[2025-01-28 12:30:16,286 : INFO : common : yaml file: params.yaml loaded successfully]
[2025-01-28 12:30:16,290 : INFO : common : yaml file: schema.yaml loaded successfully]
[2025-01-28 12:30:16,291 : INFO : common : created directory at: artifacts]
[2025-01-28 12:30:16,292 : INFO : common : created directory at: artifacts/model_trainer]
[2025-01-28 12:30:16,323 : INFO : main : >>>>>> stage Model Trainer stage completed <<<<<<

x==========x]
[2025-01-28 12:30:16,324 : INFO : main : >>>>>> stage Model Evaluation stage started <<<<<<]
[2025-01-28 12:30:16,336 : INFO : common : yaml file: config\config.yaml loaded successfully]
[2025-01-28 12:30:16,339 : INFO : common : yaml file: params.yaml loaded successfully]
[2025-01-28 12:30:16,347 : INFO : common : yaml file: schema.yaml loaded successfully]
[2025-01-28 12:30:16,348 : INFO : common : created directory at: artifacts]
[2025-01-28 12:30:16,351 : INFO : common : created directory at: artifacts/model_evaluation]
[2025-01-28 12:30:16,353 : INFO : main : >>>>>> stage Model Evaluation stage completed <<<<<<

x==========x]
[2025-01-28 12:52:00,860 : INFO : main : >>>>>> stage Data Ingestion stage started <<<<<<]
[2025-01-28 12:52:00,882 : INFO : common : yaml file: config\config.yaml loaded successfully]
[2025-01-28 12:52:00,890 : INFO : common : yaml file: params.yaml loaded successfully]
[2025-01-28 12:52:00,900 : INFO : common : yaml file: schema.yaml loaded successfully]
[2025-01-28 12:52:00,902 : INFO : common : created directory at: artifacts]
[2025-01-28 12:52:00,903 : INFO : common : created directory at: artifacts/data_ingestion]
[2025-01-28 12:52:00,904 : INFO : data_ingestion : File already exists]
[2025-01-28 12:52:00,913 : INFO : main : >>>>>> stage Data Ingestion stage completed <<<<<<

x==========x]
[2025-01-28 12:52:00,913 : INFO : main : >>>>>> stage Data Validation stage started <<<<<<]
[2025-01-28 12:52:00,927 : INFO : common : yaml file: config\config.yaml loaded successfully]
[2025-01-28 12:52:00,937 : INFO : common : yaml file: params.yaml loaded successfully]
[2025-01-28 12:52:00,953 : INFO : common : yaml file: schema.yaml loaded successfully]
[2025-01-28 12:52:00,956 : INFO : common : created directory at: artifacts]
[2025-01-28 12:52:00,959 : INFO : common : created directory at: artifacts/data_validation]
[2025-01-28 12:52:00,993 : INFO : main : >>>>>> stage Data Validation stage completed <<<<<<

x==========x]
[2025-01-28 12:52:00,993 : INFO : main : >>>>>> stage Data Transformation stage started <<<<<<]
[2025-01-28 12:52:01,007 : INFO : common : yaml file: config\config.yaml loaded successfully]
[2025-01-28 12:52:01,016 : INFO : common : yaml file: params.yaml loaded successfully]
[2025-01-28 12:52:01,023 : INFO : common : yaml file: schema.yaml loaded successfully]
[2025-01-28 12:52:01,026 : INFO : common : created directory at: artifacts]
[2025-01-28 12:52:01,027 : INFO : common : created directory at: artifacts/data_transformation]
[2025-01-28 12:52:01,089 : INFO : data_transformation : Splited data into training and test sets]
[2025-01-28 12:52:01,090 : INFO : data_transformation : (1199, 12)]
[2025-01-28 12:52:01,091 : INFO : data_transformation : (400, 12)]
[2025-01-28 12:52:01,099 : INFO : main : >>>>>> stage Data Transformation stage completed <<<<<<

x==========x]
[2025-01-28 12:52:01,100 : INFO : main : >>>>>> stage Model Trainer stage started <<<<<<]
[2025-01-28 12:52:01,110 : INFO : common : yaml file: config\config.yaml loaded successfully]
[2025-01-28 12:52:01,112 : INFO : common : yaml file: params.yaml loaded successfully]
[2025-01-28 12:52:01,118 : INFO : common : yaml file: schema.yaml loaded successfully]
[2025-01-28 12:52:01,119 : INFO : common : created directory at: artifacts]
[2025-01-28 12:52:01,120 : INFO : common : created directory at: artifacts/model_trainer]
[2025-01-28 12:52:01,156 : INFO : main : >>>>>> stage Model Trainer stage completed <<<<<<

x==========x]
[2025-01-28 12:52:01,157 : INFO : main : >>>>>> stage Model Evaluation stage started <<<<<<]
[2025-01-28 12:52:01,165 : INFO : common : yaml file: config\config.yaml loaded successfully]
[2025-01-28 12:52:01,167 : INFO : common : yaml file: params.yaml loaded successfully]
[2025-01-28 12:52:01,175 : INFO : common : yaml file: schema.yaml loaded successfully]
[2025-01-28 12:52:01,194 : INFO : common : created directory at: artifacts]
[2025-01-28 12:52:01,203 : INFO : common : created directory at: artifacts/model_evaluation]
[2025-01-28 12:52:14,497 : INFO : common : json file saved at: artifacts\model_evaluation\metrics.json]
[2025-01-28 12:52:40,786 : INFO : main : >>>>>> stage Model Evaluation stage completed <<<<<<

x==========x]
[2025-01-28 12:57:45,020 : INFO : main : >>>>>> stage Data Ingestion stage started <<<<<<]
[2025-01-28 12:57:45,039 : INFO : common : yaml file: config\config.yaml loaded successfully]
[2025-01-28 12:57:45,044 : INFO : common : yaml file: params.yaml loaded successfully]
[2025-01-28 12:57:45,053 : INFO : common : yaml file: schema.yaml loaded successfully]
[2025-01-28 12:57:45,054 : INFO : common : created directory at: artifacts]
[2025-01-28 12:57:45,056 : INFO : common : created directory at: artifacts/data_ingestion]
[2025-01-28 12:57:45,058 : INFO : data_ingestion : File already exists]
[2025-01-28 12:57:45,066 : INFO : main : >>>>>> stage Data Ingestion stage completed <<<<<<

x==========x]
[2025-01-28 12:57:45,066 : INFO : main : >>>>>> stage Data Validation stage started <<<<<<]
[2025-01-28 12:57:45,078 : INFO : common : yaml file: config\config.yaml loaded successfully]
[2025-01-28 12:57:45,080 : INFO : common : yaml file: params.yaml loaded successfully]
[2025-01-28 12:57:45,106 : INFO : common : yaml file: schema.yaml loaded successfully]
[2025-01-28 12:57:45,111 : INFO : common : created directory at: artifacts]
[2025-01-28 12:57:45,114 : INFO : common : created directory at: artifacts/data_validation]
[2025-01-28 12:57:45,148 : INFO : main : >>>>>> stage Data Validation stage completed <<<<<<

x==========x]
[2025-01-28 12:57:45,149 : INFO : main : >>>>>> stage Data Transformation stage started <<<<<<]
[2025-01-28 12:57:45,168 : INFO : common : yaml file: config\config.yaml loaded successfully]
[2025-01-28 12:57:45,204 : INFO : common : yaml file: params.yaml loaded successfully]
[2025-01-28 12:57:45,218 : INFO : common : yaml file: schema.yaml loaded successfully]
[2025-01-28 12:57:45,221 : INFO : common : created directory at: artifacts]
[2025-01-28 12:57:45,237 : INFO : common : created directory at: artifacts/data_transformation]
[2025-01-28 12:57:45,292 : INFO : data_transformation : Splited data into training and test sets]
[2025-01-28 12:57:45,293 : INFO : data_transformation : (1199, 12)]
[2025-01-28 12:57:45,293 : INFO : data_transformation : (400, 12)]
[2025-01-28 12:57:45,294 : INFO : main : >>>>>> stage Data Transformation stage completed <<<<<<

x==========x]
[2025-01-28 12:57:45,294 : INFO : main : >>>>>> stage Model Trainer stage started <<<<<<]
[2025-01-28 12:57:45,304 : INFO : common : yaml file: config\config.yaml loaded successfully]
[2025-01-28 12:57:45,307 : INFO : common : yaml file: params.yaml loaded successfully]
[2025-01-28 12:57:45,321 : INFO : common : yaml file: schema.yaml loaded successfully]
[2025-01-28 12:57:45,328 : INFO : common : created directory at: artifacts]
[2025-01-28 12:57:45,335 : INFO : common : created directory at: artifacts/model_trainer]
[2025-01-28 12:57:45,374 : INFO : main : >>>>>> stage Model Trainer stage completed <<<<<<

x==========x]
[2025-01-28 12:57:45,375 : INFO : main : >>>>>> stage Model Evaluation stage started <<<<<<]
[2025-01-28 12:57:45,382 : INFO : common : yaml file: config\config.yaml loaded successfully]
[2025-01-28 12:57:45,384 : INFO : common : yaml file: params.yaml loaded successfully]
[2025-01-28 12:57:45,389 : INFO : common : yaml file: schema.yaml loaded successfully]
[2025-01-28 12:57:45,391 : INFO : common : created directory at: artifacts]
[2025-01-28 12:57:45,392 : INFO : common : created directory at: artifacts/model_evaluation]
[2025-01-28 12:58:06,146 : INFO : common : json file saved at: artifacts\model_evaluation\metrics.json]
[2025-01-28 12:59:02,066 : INFO : main : >>>>>> stage Model Evaluation stage completed <<<<<<

x==========x]
[2025-01-28 13:29:04,039 : INFO : _internal : [31m[1mWARNING: This is a development server. Do not use it in a production deployment. Use a production WSGI server instead.[0m
 * Running on all addresses (0.0.0.0)
 * Running on http://127.0.0.1:8080
 * Running on http://192.168.2.23:8080]
[2025-01-28 13:29:04,041 : INFO : _internal : [33mPress CTRL+C to quit[0m]
[2025-01-28 13:29:27,586 : INFO : _internal : 192.168.2.23 - - [28/Jan/2025 13:29:27] "GET / HTTP/1.1" 200 -]
[2025-01-28 13:29:28,737 : INFO : _internal : 192.168.2.23 - - [28/Jan/2025 13:29:28] "[33mGET /static/assets/img/form-v9.jpg HTTP/1.1[0m" 404 -]
[2025-01-28 13:29:30,006 : INFO : _internal : 192.168.2.23 - - [28/Jan/2025 13:29:30] "[33mGET /favicon.ico HTTP/1.1[0m" 404 -]
[2025-01-28 13:32:04,668 : INFO : _internal : 192.168.2.23 - - [28/Jan/2025 13:32:04] "POST /predict HTTP/1.1" 200 -]
[2025-01-28 13:32:18,393 : INFO : _internal : 192.168.2.23 - - [28/Jan/2025 13:32:18] "POST /predict HTTP/1.1" 200 -]
[2025-01-28 13:38:54,559 : INFO : _internal : [31m[1mWARNING: This is a development server. Do not use it in a production deployment. Use a production WSGI server instead.[0m
 * Running on all addresses (0.0.0.0)
 * Running on http://127.0.0.1:8080
 * Running on http://192.168.2.23:8080]
[2025-01-28 13:38:54,560 : INFO : _internal : [33mPress CTRL+C to quit[0m]
[2025-01-28 13:39:14,535 : INFO : _internal : 127.0.0.1 - - [28/Jan/2025 13:39:14] "GET / HTTP/1.1" 200 -]
[2025-01-28 13:39:15,520 : INFO : _internal : 127.0.0.1 - - [28/Jan/2025 13:39:15] "[33mGET /static/assets/img/form-v9.jpg HTTP/1.1[0m" 404 -]
[2025-01-28 13:39:16,800 : INFO : _internal : 127.0.0.1 - - [28/Jan/2025 13:39:16] "[33mGET /favicon.ico HTTP/1.1[0m" 404 -]
[2025-01-28 13:39:29,889 : INFO : _internal : 127.0.0.1 - - [28/Jan/2025 13:39:29] "POST /predict HTTP/1.1" 200 -]
[2025-01-28 13:39:29,910 : INFO : _internal : 127.0.0.1 - - [28/Jan/2025 13:39:29] "POST /predict HTTP/1.1" 200 -]
